  main.cpp
E:\Study\Computer_Graphics\RayTracing\Ray-Tracing\M_RT\PathTraceToy\include\mesh.h(20,1): warning C4267: “=”: 从“size_t”转换到“int”，可能丢失数据
E:\Study\Computer_Graphics\RayTracing\Ray-Tracing\M_RT\PathTraceToy\include\bvh.h(51,1): warning C4267: “初始化”: 从“size_t”转换到“int”，可能丢失数据
E:\Study\Computer_Graphics\RayTracing\Ray-Tracing\M_RT\PathTraceToy\include\bvh.h(109,1): warning C4267: “初始化”: 从“size_t”转换到“int”，可能丢失数据
E:\Study\Computer_Graphics\RayTracing\Ray-Tracing\M_RT\PathTraceToy\include\bvh.h(185,23): warning C4244: “初始化”: 从“double”转换到“float”，可能丢失数据
E:\Study\Computer_Graphics\RayTracing\Ray-Tracing\M_RT\PathTraceToy\include\bvh.h(194,24): warning C4244: “初始化”: 从“double”转换到“float”，可能丢失数据
E:\Study\Computer_Graphics\RayTracing\Ray-Tracing\M_RT\PathTraceToy\include\scene.h(28,22): warning C4305: “=”: 从“double”到“float”截断
E:\Study\Computer_Graphics\RayTracing\Ray-Tracing\M_RT\PathTraceToy\include\scene.h(38,21): warning C4305: “=”: 从“double”到“float”截断
E:\Study\Computer_Graphics\RayTracing\Ray-Tracing\M_RT\PathTraceToy\include\scene.h(46,21): warning C4305: “=”: 从“double”到“float”截断
E:\Study\Computer_Graphics\RayTracing\Ray-Tracing\M_RT\PathTraceToy\include\scene.h(53,22): warning C4305: “=”: 从“double”到“float”截断
E:\Study\Computer_Graphics\RayTracing\Ray-Tracing\M_RT\PathTraceToy\include\scene.h(54,20): warning C4305: “=”: 从“double”到“float”截断
E:\Study\Computer_Graphics\RayTracing\Ray-Tracing\M_RT\PathTraceToy\include\render.h(171,67): warning C4267: “参数”: 从“size_t”转换到“int”，可能丢失数据
E:\Study\Computer_Graphics\RayTracing\Ray-Tracing\M_RT\PathTraceToy\src\main.cpp(49,14): warning C4101: “return_struct”: 未引用的局部变量
E:\Study\Computer_Graphics\RayTracing\Ray-Tracing\M_RT\PathTraceToy\src\main.cpp(129,17): warning C4244: “初始化”: 从“double”转换到“float”，可能丢失数据
E:\Study\Computer_Graphics\RayTracing\Ray-Tracing\M_RT\PathTraceToy\src\main.cpp(133,11): warning C4244: “初始化”: 从“double”转换到“float”，可能丢失数据
E:\Study\Computer_Graphics\RayTracing\Ray-Tracing\M_RT\PathTraceToy\src\main.cpp(134,12): warning C4244: “初始化”: 从“double”转换到“float”，可能丢失数据
E:\Soft_ware\VisualStudio\VC\Tools\MSVC\14.29.30133\include\xutility(142,1): warning C4267: “参数”: 从“size_t”转换到“int”，可能丢失数据
E:\Soft_ware\VisualStudio\VC\Tools\MSVC\14.29.30133\include\memory(2006): message : 查看对正在编译的函数 模板 实例化“void std::_Construct_in_place<_Ty,std::vector<Triangle,std::allocator<Triangle>>&,int,unsigned __int64,int>(_Ty &,std::vector<Triangle,std::allocator<Triangle>> &,int &&,unsigned __int64 &&,int &&) noexcept(false)”的引用
          with
          [
              _Ty=Bvh
          ]
E:\Soft_ware\VisualStudio\VC\Tools\MSVC\14.29.30133\include\memory(2725): message : 查看对正在编译的函数 模板 实例化“std::_Ref_count_obj2<_Ty>::_Ref_count_obj2<std::vector<Triangle,std::allocator<Triangle>>&,int,unsigned __int64,int>(std::vector<Triangle,std::allocator<Triangle>> &,int &&,unsigned __int64 &&,int &&)”的引用
          with
          [
              _Ty=Bvh
          ]
E:\Soft_ware\VisualStudio\VC\Tools\MSVC\14.29.30133\include\memory(2726): message : 查看对正在编译的函数 模板 实例化“std::_Ref_count_obj2<_Ty>::_Ref_count_obj2<std::vector<Triangle,std::allocator<Triangle>>&,int,unsigned __int64,int>(std::vector<Triangle,std::allocator<Triangle>> &,int &&,unsigned __int64 &&,int &&)”的引用
          with
          [
              _Ty=Bvh
          ]
E:\Study\Computer_Graphics\RayTracing\Ray-Tracing\M_RT\PathTraceToy\include\scene.h(64): message : 查看对正在编译的函数 模板 实例化“std::shared_ptr<Bvh> std::make_shared<Bvh,std::vector<Triangle,std::allocator<Triangle>>&,int,unsigned __int64,int>(std::vector<Triangle,std::allocator<Triangle>> &,int &&,unsigned __int64 &&,int &&)”的引用
E:\Study\Computer_Graphics\RayTracing\Ray-Tracing\M_RT\PathTraceToy\src\main.cpp(119): warning C4715: “initWindow”: 不是所有的控件路径都返回值
  PathTraceToy.vcxproj -> E:\Study\Computer_Graphics\RayTracing\Ray-Tracing\M_RT\PathTraceToy\PathTraceToy.exe
